<?xml version="1.0" encoding="UTF-8"?>
<!-- Generated by org.testng.reporters.JUnitXMLReporter -->
<testsuite ignored="13" hostname="SammyJ-Lptp" failures="0" tests="1" name="Default test" time="18.076" errors="0" timestamp="2020-11-09T03:14:08 EST">
  <testcase classname="TheInternet" name="dynamic" time="18.005"/>
  <testcase classname="TheInternet" name="addRemove" time="0.0">
    <ignored/>
  </testcase> <!-- addRemove -->
  <testcase classname="TheInternet" name="disappear" time="0.0">
    <ignored/>
  </testcase> <!-- disappear -->
  <testcase classname="TheInternet" name="canSelectDropDownList" time="0.0">
    <ignored/>
  </testcase> <!-- canSelectDropDownList -->
  <testcase classname="TheInternet" name="formAuthenticate" time="0.0">
    <ignored/>
  </testcase> <!-- formAuthenticate -->
  <testcase classname="TheInternet" name="onClick" time="0.0">
    <ignored/>
  </testcase> <!-- onClick -->
  <testcase classname="TheInternet" name="f" time="0.0">
    <ignored/>
  </testcase> <!-- f -->
  <testcase classname="TheInternet" name="basicAuth" time="0.0">
    <ignored/>
  </testcase> <!-- basicAuth -->
  <testcase classname="TheInternet" name="canInputNumbers" time="0.0">
    <ignored/>
  </testcase> <!-- canInputNumbers -->
  <testcase classname="TheInternet" name="drag" time="0.0">
    <ignored/>
  </testcase> <!-- drag -->
  <testcase classname="TheInternet" name="context" time="0.0">
    <ignored/>
  </testcase> <!-- context -->
  <testcase classname="TheInternet" name="forgotPass" time="0.0">
    <ignored/>
  </testcase> <!-- forgotPass -->
  <testcase classname="TheInternet" name="canNavigateToIndexPage" time="0.0">
    <ignored/>
  </testcase> <!-- canNavigateToIndexPage -->
  <testcase classname="TheInternet" name="challening" time="0.0">
    <ignored/>
  </testcase> <!-- challening -->
</testsuite> <!-- Default test -->
