<?xml version="1.0" encoding="UTF-8"?>
<testng-results ignored="2" total="3" passed="1" failed="0" skipped="0">
  <reporter-output>
  </reporter-output>
  <suite started-at="2020-11-07T02:00:34 EST" name="Default suite" finished-at="2020-11-07T02:00:42 EST" duration-ms="7628">
    <groups>
    </groups>
    <test started-at="2020-11-07T02:00:34 EST" name="Default test" finished-at="2020-11-07T02:00:42 EST" duration-ms="7628">
      <class name="TheInternet">
        <test-method is-config="true" signature="beforeTest()[pri:0, instance:TheInternet@932bc4a]" started-at="2020-11-07T02:00:34 EST" name="beforeTest" finished-at="2020-11-07T02:00:34 EST" duration-ms="12" status="PASS">
          <reporter-output>
          </reporter-output>
        </test-method> <!-- beforeTest -->
        <test-method signature="canSelectDropDownList()[pri:0, instance:TheInternet@932bc4a]" started-at="2020-11-07T02:00:34 EST" name="canSelectDropDownList" finished-at="2020-11-07T02:00:42 EST" duration-ms="7570" status="PASS">
          <reporter-output>
          </reporter-output>
        </test-method> <!-- canSelectDropDownList -->
        <test-method is-config="true" signature="afterTest()[pri:0, instance:TheInternet@932bc4a]" started-at="2020-11-07T02:00:42 EST" name="afterTest" finished-at="2020-11-07T02:00:42 EST" duration-ms="0" status="PASS">
          <reporter-output>
          </reporter-output>
        </test-method> <!-- afterTest -->
      </class> <!-- TheInternet -->
    </test> <!-- Default test -->
  </suite> <!-- Default suite -->
</testng-results>
