<?xml version="1.0" encoding="UTF-8"?>
<testng-results ignored="23" total="24" passed="1" failed="0" skipped="0">
  <reporter-output>
  </reporter-output>
  <suite started-at="2020-11-13T18:09:52 EST" name="Default suite" finished-at="2020-11-13T18:10:05 EST" duration-ms="13158">
    <groups>
    </groups>
    <test started-at="2020-11-13T18:09:52 EST" name="Default test" finished-at="2020-11-13T18:10:05 EST" duration-ms="13158">
      <class name="TheInternet">
        <test-method is-config="true" signature="beforeTest()[pri:0, instance:TheInternet@1e683a3e]" started-at="2020-11-13T18:09:52 EST" name="beforeTest" finished-at="2020-11-13T18:09:52 EST" duration-ms="39" status="PASS">
          <reporter-output>
          </reporter-output>
        </test-method> <!-- beforeTest -->
        <test-method signature="slid()[pri:0, instance:TheInternet@1e683a3e]" started-at="2020-11-13T18:09:52 EST" name="slid" finished-at="2020-11-13T18:10:05 EST" duration-ms="12986" status="PASS">
          <reporter-output>
          </reporter-output>
        </test-method> <!-- slid -->
        <test-method is-config="true" signature="afterTest()[pri:0, instance:TheInternet@1e683a3e]" started-at="2020-11-13T18:10:05 EST" name="afterTest" finished-at="2020-11-13T18:10:05 EST" duration-ms="0" status="PASS">
          <reporter-output>
          </reporter-output>
        </test-method> <!-- afterTest -->
      </class> <!-- TheInternet -->
    </test> <!-- Default test -->
  </suite> <!-- Default suite -->
</testng-results>
