<?xml version="1.0" encoding="UTF-8"?>
<testng-results skipped="0" failed="0" ignored="0" total="1" passed="1">
  <reporter-output>
  </reporter-output>
  <suite name="Default suite" duration-ms="103" started-at="2020-10-31T21:43:36Z" finished-at="2020-10-31T21:43:36Z">
    <groups>
    </groups>
    <test name="Default test" duration-ms="103" started-at="2020-10-31T21:43:36Z" finished-at="2020-10-31T21:43:36Z">
      <class name="StickersTest">
        <test-method status="PASS" signature="totalTest()[pri:0, instance:StickersTest@4f7d0008]" name="totalTest" duration-ms="59" started-at="2020-10-31T21:43:36Z" finished-at="2020-10-31T21:43:36Z">
          <reporter-output>
          </reporter-output>
        </test-method> <!-- totalTest -->
      </class> <!-- StickersTest -->
    </test> <!-- Default test -->
  </suite> <!-- Default suite -->
</testng-results>
